<?xml version="1.0" encoding="UTF-8"?>
<Site BuildName="(empty)"
	BuildStamp="20230917-1155-Experimental"
	Name="qika"
	Generator="ctest-3.22.1"
	CompilerName="/usr/bin/g++"
	CompilerVersion="11.4.0"
	OSName="Linux"
	Hostname="qika"
	OSRelease="6.2.0-32-generic"
	OSVersion="#32~22.04.1-Ubuntu SMP PREEMPT_DYNAMIC Fri Aug 18 10:40:13 UTC 2"
	OSPlatform="x86_64"
	Is64Bits="1"
	VendorString="AuthenticAMD"
	VendorID="Advanced Micro Devices"
	FamilyID="23"
	ModelID="24"
	ProcessorCacheSize="512"
	NumberOfLogicalCPU="8"
	NumberOfPhysicalCPU="4"
	TotalVirtualMemory="3535"
	TotalPhysicalMemory="9869"
	LogicalProcessorsPerPhysical="2"
	ProcessorClockFrequency="3685.23"
	>
	<Testing>
		<StartDateTime>Sep 17 22:25 WIB</StartDateTime>
		<StartTestTime>1694964324</StartTestTime>
		<TestList/>
		<EndDateTime>Sep 17 22:25 WIB</EndDateTime>
		<EndTestTime>1694964324</EndTestTime>
		<ElapsedMinutes>0</ElapsedMinutes>
	</Testing>
</Site>
